BlinkIDDemoCustomUI/build/outputs/logs/manifest-merger-debug-report.txt
-- Merging decision tree log ---
manifest
ADDED from src/main/AndroidManifest.xml:2:1-42:12
	package
		ADDED from src/main/AndroidManifest.xml:3:5-42
		INJECTED from src/main/AndroidManifest.xml
		INJECTED from src/main/AndroidManifest.xml
	android:versionName
		ADDED from src/main/AndroidManifest.xml:5:5-32
		INJECTED from src/main/AndroidManifest.xml
		INJECTED from src/main/AndroidManifest.xml
	android:versionCode
		ADDED from src/main/AndroidManifest.xml:4:5-28
		INJECTED from src/main/AndroidManifest.xml
		INJECTED from src/main/AndroidManifest.xml
	xmlns:android
		ADDED from src/main/AndroidManifest.xml:2:11-69
uses-sdk
ADDED from src/main/AndroidManifest.xml:7:5-9:41
MERGED from [com.microblink:blinkid:2.6.0] AndroidManifest.xml:7:5-9:41
MERGED from [com.android.support:appcompat-v7:23.3.0] AndroidManifest.xml:21:5-23:78
MERGED from [com.android.support:support-vector-drawable:23.3.0] AndroidManifest.xml:5:5-43
MERGED from [com.android.support:support-v4:23.3.0] AndroidManifest.xml:20:5-43
MERGED from [com.android.support:animated-vector-drawable:23.3.0] AndroidManifest.xml:5:5-44
MERGED from [com.android.support:support-vector-drawable:23.3.0] AndroidManifest.xml:5:5-43
MERGED from [com.android.support:support-v4:23.3.0] AndroidManifest.xml:20:5-43
MERGED from [com.android.support:support-v4:23.3.0] AndroidManifest.xml:20:5-43
MERGED from [BlinkIDDemo:LibResult:unspecified] AndroidManifest.xml:7:5-9:41
MERGED from [com.microblink:blinkid:2.6.0] AndroidManifest.xml:7:5-9:41
MERGED from [com.android.support:appcompat-v7:23.3.0] AndroidManifest.xml:21:5-23:78
MERGED from [com.android.support:support-vector-drawable:23.3.0] AndroidManifest.xml:5:5-43
MERGED from [com.android.support:support-v4:23.3.0] AndroidManifest.xml:20:5-43
MERGED from [com.android.support:animated-vector-drawable:23.3.0] AndroidManifest.xml:5:5-44
MERGED from [com.android.support:support-vector-drawable:23.3.0] AndroidManifest.xml:5:5-43
MERGED from [com.android.support:support-v4:23.3.0] AndroidManifest.xml:20:5-43
MERGED from [com.android.support:support-v4:23.3.0] AndroidManifest.xml:20:5-43
	tools:overrideLibrary
		ADDED from [com.android.support:appcompat-v7:23.3.0] AndroidManifest.xml:23:9-75
	android:targetSdkVersion
		ADDED from src/main/AndroidManifest.xml:9:9-38
		INJECTED from src/main/AndroidManifest.xml
		INJECTED from src/main/AndroidManifest.xml
	android:minSdkVersion
		ADDED from src/main/AndroidManifest.xml:8:9-35
		INJECTED from src/main/AndroidManifest.xml
		INJECTED from src/main/AndroidManifest.xml
uses-permission#android.permission.CAMERA
ADDED from src/main/AndroidManifest.xml:11:5-65
MERGED from [com.microblink:blinkid:2.6.0] AndroidManifest.xml:18:5-65
MERGED from [com.microblink:blinkid:2.6.0] AndroidManifest.xml:18:5-65
	android:name
		ADDED from src/main/AndroidManifest.xml:11:22-62
uses-feature#android.hardware.camera
ADDED from src/main/AndroidManifest.xml:13:5-85
MERGED from [com.microblink:blinkid:2.6.0] AndroidManifest.xml:21:5-23:36
MERGED from [com.microblink:blinkid:2.6.0] AndroidManifest.xml:21:5-23:36
	android:required
		ADDED from src/main/AndroidManifest.xml:13:58-82
	android:name
		ADDED from src/main/AndroidManifest.xml:13:19-57
uses-feature#android.hardware.camera.autofocus
ADDED from src/main/AndroidManifest.xml:14:5-95
MERGED from [com.microblink:blinkid:2.6.0] AndroidManifest.xml:24:5-26:36
MERGED from [com.microblink:blinkid:2.6.0] AndroidManifest.xml:24:5-26:36
	android:required
		ADDED from src/main/AndroidManifest.xml:14:68-92
	android:name
		ADDED from src/main/AndroidManifest.xml:14:19-67
uses-feature#0x00020000
ADDED from src/main/AndroidManifest.xml:15:5-79
MERGED from [com.microblink:blinkid:2.6.0] AndroidManifest.xml:30:5-33:20
MERGED from [com.microblink:blinkid:2.6.0] AndroidManifest.xml:30:5-33:20
	android:glEsVersion
		ADDED from src/main/AndroidManifest.xml:15:19-51
	android:required
		ADDED from src/main/AndroidManifest.xml:15:52-76
application
ADDED from src/main/AndroidManifest.xml:17:5-40:19
MERGED from [com.microblink:blinkid:2.6.0] AndroidManifest.xml:35:5-55:19
MERGED from [com.android.support:appcompat-v7:23.3.0] AndroidManifest.xml:25:5-20
MERGED from [com.android.support:support-vector-drawable:23.3.0] AndroidManifest.xml:7:5-20
MERGED from [com.android.support:support-v4:23.3.0] AndroidManifest.xml:22:5-20
MERGED from [com.android.support:animated-vector-drawable:23.3.0] AndroidManifest.xml:7:5-20
MERGED from [com.android.support:support-vector-drawable:23.3.0] AndroidManifest.xml:7:5-20
MERGED from [com.android.support:support-v4:23.3.0] AndroidManifest.xml:22:5-20
MERGED from [com.android.support:support-v4:23.3.0] AndroidManifest.xml:22:5-20
MERGED from [BlinkIDDemo:LibResult:unspecified] AndroidManifest.xml:11:5-14:19
MERGED from [com.microblink:blinkid:2.6.0] AndroidManifest.xml:35:5-55:19
MERGED from [com.android.support:appcompat-v7:23.3.0] AndroidManifest.xml:25:5-20
MERGED from [com.android.support:support-vector-drawable:23.3.0] AndroidManifest.xml:7:5-20
MERGED from [com.android.support:support-v4:23.3.0] AndroidManifest.xml:22:5-20
MERGED from [com.android.support:animated-vector-drawable:23.3.0] AndroidManifest.xml:7:5-20
MERGED from [com.android.support:support-vector-drawable:23.3.0] AndroidManifest.xml:7:5-20
MERGED from [com.android.support:support-v4:23.3.0] AndroidManifest.xml:22:5-20
MERGED from [com.android.support:support-v4:23.3.0] AndroidManifest.xml:22:5-20
	android:label
		ADDED from src/main/AndroidManifest.xml:19:9-41
	android:supportsRtl
		ADDED from [BlinkIDDemo:LibResult:unspecified] AndroidManifest.xml:13:9-35
	android:icon
		ADDED from src/main/AndroidManifest.xml:18:9-38
	android:largeHeap
		ADDED from [com.microblink:blinkid:2.6.0] AndroidManifest.xml:35:18-42
	android:theme
		ADDED from src/main/AndroidManifest.xml:20:9-67
activity#com.microblink.blinkid.demo.customui.MenuActivity
ADDED from src/main/AndroidManifest.xml:21:9-29:20
	android:screenOrientation
		ADDED from src/main/AndroidManifest.xml:24:13-47
	android:label
		ADDED from src/main/AndroidManifest.xml:23:13-45
	android:name
		ADDED from src/main/AndroidManifest.xml:22:13-77
intent-filter#android.intent.action.MAIN+android.intent.category.LAUNCHER
ADDED from src/main/AndroidManifest.xml:25:13-28:29
action#android.intent.action.MAIN
ADDED from src/main/AndroidManifest.xml:26:17-69
	android:name
		ADDED from src/main/AndroidManifest.xml:26:25-66
category#android.intent.category.LAUNCHER
ADDED from src/main/AndroidManifest.xml:27:17-77
	android:name
		ADDED from src/main/AndroidManifest.xml:27:27-74
activity#com.microblink.blinkid.demo.customui.MyScanActivity
ADDED from src/main/AndroidManifest.xml:30:9-34:20
	android:screenOrientation
		ADDED from src/main/AndroidManifest.xml:32:13-49
	android:label
		ADDED from src/main/AndroidManifest.xml:33:13-59
	android:name
		ADDED from src/main/AndroidManifest.xml:31:13-79
activity#com.microblink.libresult.ResultActivity
ADDED from src/main/AndroidManifest.xml:35:9-39:20
	android:screenOrientation
		ADDED from src/main/AndroidManifest.xml:37:13-47
	android:label
		ADDED from src/main/AndroidManifest.xml:38:13-59
	android:name
		ADDED from src/main/AndroidManifest.xml:36:13-67
supports-screens
ADDED from [com.microblink:blinkid:2.6.0] AndroidManifest.xml:11:5-16:39
MERGED from [com.microblink:blinkid:2.6.0] AndroidManifest.xml:11:5-16:39
	android:largeScreens
		ADDED from [com.microblink:blinkid:2.6.0] AndroidManifest.xml:13:9-36
	android:smallScreens
		ADDED from [com.microblink:blinkid:2.6.0] AndroidManifest.xml:16:9-36
	android:normalScreens
		ADDED from [com.microblink:blinkid:2.6.0] AndroidManifest.xml:14:9-37
	android:resizeable
		ADDED from [com.microblink:blinkid:2.6.0] AndroidManifest.xml:15:9-34
	android:anyDensity
		ADDED from [com.microblink:blinkid:2.6.0] AndroidManifest.xml:12:9-34
uses-permission#android.permission.FLASHLIGHT
ADDED from [com.microblink:blinkid:2.6.0] AndroidManifest.xml:19:5-69
MERGED from [com.microblink:blinkid:2.6.0] AndroidManifest.xml:19:5-69
	android:name
		ADDED from [com.microblink:blinkid:2.6.0] AndroidManifest.xml:19:22-66
uses-feature#android.hardware.camera.flash
ADDED from [com.microblink:blinkid:2.6.0] AndroidManifest.xml:27:5-29:36
MERGED from [com.microblink:blinkid:2.6.0] AndroidManifest.xml:27:5-29:36
	android:required
		ADDED from [com.microblink:blinkid:2.6.0] AndroidManifest.xml:29:9-33
	android:name
		ADDED from [com.microblink:blinkid:2.6.0] AndroidManifest.xml:28:9-53
activity#com.microblink.activity.ScanActivity
ADDED from [com.microblink:blinkid:2.6.0] AndroidManifest.xml:36:9-40:20
MERGED from [com.microblink:blinkid:2.6.0] AndroidManifest.xml:36:9-40:20
	android:screenOrientation
		ADDED from [com.microblink:blinkid:2.6.0] AndroidManifest.xml:39:13-49
	android:configChanges
		ADDED from [com.microblink:blinkid:2.6.0] AndroidManifest.xml:38:13-59
	android:name
		ADDED from [com.microblink:blinkid:2.6.0] AndroidManifest.xml:37:13-64
activity#com.microblink.activity.ScanCard
ADDED from [com.microblink:blinkid:2.6.0] AndroidManifest.xml:41:9-45:20
MERGED from [com.microblink:blinkid:2.6.0] AndroidManifest.xml:41:9-45:20
	android:screenOrientation
		ADDED from [com.microblink:blinkid:2.6.0] AndroidManifest.xml:44:13-49
	android:configChanges
		ADDED from [com.microblink:blinkid:2.6.0] AndroidManifest.xml:43:13-59
	android:name
		ADDED from [com.microblink:blinkid:2.6.0] AndroidManifest.xml:42:13-60
activity#com.microblink.activity.Pdf417ScanActivity
ADDED from [com.microblink:blinkid:2.6.0] AndroidManifest.xml:46:9-50:20
MERGED from [com.microblink:blinkid:2.6.0] AndroidManifest.xml:46:9-50:20
	android:screenOrientation
		ADDED from [com.microblink:blinkid:2.6.0] AndroidManifest.xml:49:13-49
	android:configChanges
		ADDED from [com.microblink:blinkid:2.6.0] AndroidManifest.xml:48:13-59
	android:name
		ADDED from [com.microblink:blinkid:2.6.0] AndroidManifest.xml:47:13-70
activity#com.microblink.activity.BlinkOCRActivity
ADDED from [com.microblink:blinkid:2.6.0] AndroidManifest.xml:51:9-54:52
MERGED from [com.microblink:blinkid:2.6.0] AndroidManifest.xml:51:9-54:52
	android:screenOrientation
		ADDED from [com.microblink:blinkid:2.6.0] AndroidManifest.xml:54:13-49
	android:configChanges
		ADDED from [com.microblink:blinkid:2.6.0] AndroidManifest.xml:53:13-59
	android:name
		ADDED from [com.microblink:blinkid:2.6.0] AndroidManifest.xml:52:13-68